\BOOKMARK [1][-]{section.1}{\376\377\000W\000s\000t\001\031\000p}{}% 1
\BOOKMARK [1][-]{section.2}{\376\377\000T\000e\000c\000h\000n\000o\000l\000o\000g\000i\000e\000\040\000u\001\174\000y\000t\000e\000\040\000w\000\040\000p\000r\000o\000j\000e\000k\000c\000i\000e}{}% 2
\BOOKMARK [1][-]{section.3}{\376\377\000P\000l\000a\000n\000\040\000e\000k\000s\000p\000e\000r\000y\000m\000e\000n\000t\000u}{}% 3
\BOOKMARK [1][-]{section.4}{\376\377\000U\001\174\000y\000t\000y\000\040\000s\000p\000r\000z\001\031\000t}{}% 4
\BOOKMARK [1][-]{section.5}{\376\377\000P\000r\000o\000b\000l\000e\000m\000\040\000M\000S\000T}{}% 5
\BOOKMARK [2][-]{subsection.5.1}{\376\377\000A\000l\000g\000o\000r\000y\000t\000m\000n\000\040\000K\000r\000u\000s\000k\000a\000l\000a}{section.5}% 6
\BOOKMARK [3][-]{subsubsection.5.1.1}{\376\377\000L\000i\000s\000t\000a\000\040\000k\000r\000o\000k\000\363\000w}{subsection.5.1}% 7
\BOOKMARK [2][-]{subsection.5.2}{\376\377\000A\000l\000g\000o\000r\000y\000t\000m\000\040\000P\000r\000i\000m\000a}{section.5}% 8
\BOOKMARK [3][-]{subsubsection.5.2.1}{\376\377\000L\000i\000s\000t\000a\000\040\000k\000r\000o\000k\000\363\000w}{subsection.5.2}% 9
\BOOKMARK [1][-]{section.6}{\376\377\000P\000r\000o\000b\000l\000e\000m\000\040\000n\000a\000j\000k\000r\000\363\000t\000s\000z\000e\000j\000\040\001\133\000c\000i\000e\001\174\000k\000i}{}% 10
\BOOKMARK [2][-]{subsection.6.1}{\376\377\000A\000l\000g\000o\000r\000y\000t\000m\000\040\000D\000i\000j\000k\000s\000t\000r\000y}{section.6}% 11
\BOOKMARK [3][-]{subsubsection.6.1.1}{\376\377\000L\000i\000s\000t\000a\000\040\000k\000r\000o\000k\000\363\000w}{subsection.6.1}% 12
\BOOKMARK [2][-]{subsection.6.2}{\376\377\000A\000l\000g\000o\000r\000y\000t\000m\000\040\000B\000e\000l\000l\000m\000a\000n\000a\000-\000F\000o\000r\000d\000a}{section.6}% 13
\BOOKMARK [3][-]{subsubsection.6.2.1}{\376\377\000L\000i\000s\000t\000a\000\040\000k\000r\000o\000k\000\363\000w}{subsection.6.2}% 14
\BOOKMARK [1][-]{section.7}{\376\377\000P\000r\000o\000b\000l\000e\000m\000\040\000m\000a\000k\000s\000y\000m\000a\000l\000n\000e\000g\000o\000\040\000p\000r\000z\000e\000p\001\102\000y\000w\000u}{}% 15
\BOOKMARK [2][-]{subsection.7.1}{\376\377\000A\000l\000g\000o\000r\000y\000t\000m\000\040\000F\000o\000r\000d\000a\000-\000F\000u\000l\000k\000e\000r\000s\000o\000n\000a\000\040\000\050\000p\000r\000z\000e\000s\000z\000u\000k\000i\000w\000a\000n\000i\000e\000\040\000g\000r\000a\000f\000u\000\040\000w\000\040\000g\001\102\001\005\000b\000\051}{section.7}% 16
\BOOKMARK [3][-]{subsubsection.7.1.1}{\376\377\000L\000i\000s\000t\000a\000\040\000k\000r\000o\000k\000\363\000w}{subsection.7.1}% 17
\BOOKMARK [2][-]{subsection.7.2}{\376\377\000A\000l\000g\000o\000r\000y\000t\000m\000\040\000E\000d\000m\000o\000n\000d\000s\000a\000-\000K\000a\000r\000p\000a\000\040\000\050\000p\000r\000z\000e\000s\000z\000u\000k\000i\000w\000a\000n\000i\000e\000\040\000g\000r\000a\000f\000u\000\040\000w\000s\000z\000e\000r\000z\000\051}{section.7}% 18
\BOOKMARK [3][-]{subsubsection.7.2.1}{\376\377\000L\000i\000s\000t\000a\000\040\000k\000r\000o\000k\000\363\000w}{subsection.7.2}% 19
\BOOKMARK [1][-]{section.8}{\376\377\000P\000r\000z\000e\000b\000i\000e\000g\000\040\000e\000k\000s\000p\000e\000r\000y\000m\000e\000n\000t\000u}{}% 20
\BOOKMARK [2][-]{subsection.8.1}{\376\377\000P\000r\000o\000b\000l\000e\000m\000\040\000M\000S\000T}{section.8}% 21
\BOOKMARK [3][-]{subsubsection.8.1.1}{\376\377\000T\000a\000b\000e\000l\000e}{subsection.8.1}% 22
\BOOKMARK [3][-]{subsubsection.8.1.2}{\376\377\000W\000y\000k\000r\000e\000s\000y\000\040\000T\000y\000p\000u\000\040\0001\000\040\000d\000l\000a\000\040\000K\000r\000u\000s\000k\000a\000l\000a\000\040\000i\000\040\000P\000r\000i\000m\000a}{subsection.8.1}% 23
\BOOKMARK [3][-]{subsubsection.8.1.3}{\376\377\000W\000y\000k\000r\000e\000s\000y\000\040\000T\000y\000p\000u\000\040\0002\000\040\000d\000l\000a\000\040\000K\000r\000u\000s\000k\000a\000l\000a\000\040\000i\000\040\000P\000r\000i\000m\000a}{subsection.8.1}% 24
\BOOKMARK [3][-]{subsubsection.8.1.4}{\376\377\000W\000n\000i\000o\000s\000k\000i}{subsection.8.1}% 25
\BOOKMARK [2][-]{subsection.8.2}{\376\377\000P\000r\000o\000b\000l\000e\000m\000\040\000n\000a\000j\000k\000r\000\363\000t\000s\000z\000e\000j\000\040\001\133\000c\000i\000e\001\174\000k\000i}{section.8}% 26
\BOOKMARK [3][-]{subsubsection.8.2.1}{\376\377\000T\000a\000b\000e\000l\000e}{subsection.8.2}% 27
\BOOKMARK [3][-]{subsubsection.8.2.2}{\376\377\000W\000n\000i\000o\000s\000k\000i}{subsection.8.2}% 28
\BOOKMARK [3][-]{subsubsection.8.2.3}{\376\377\000W\000y\000k\000r\000e\000s\000y\000\040\000T\000y\000p\000u\000\040\0001\000\040\000d\000l\000a\000\040\000D\000i\000j\000k\000s\000t\000r\000y\000\040\000i\000\040\000B\000e\000l\000l\000m\000a\000n\000a\000-\000F\000o\000r\000d\000a}{subsection.8.2}% 29
\BOOKMARK [3][-]{subsubsection.8.2.4}{\376\377\000W\000y\000k\000r\000e\000s\000y\000\040\000T\000y\000p\000u\000\040\0002\000\040\000d\000l\000a\000\040\000D\000i\000j\000k\000s\000t\000r\000y\000\040\000i\000\040\000B\000e\000l\000l\000m\000a\000n\000a\000-\000F\000o\000r\000d\000a}{subsection.8.2}% 30
\BOOKMARK [3][-]{subsubsection.8.2.5}{\376\377\000W\000n\000i\000o\000s\000k\000i}{subsection.8.2}% 31
\BOOKMARK [2][-]{subsection.8.3}{\376\377\000P\000r\000o\000b\000l\000e\000m\000\040\000m\000a\000k\000s\000y\000m\000a\000l\000n\000e\000g\000o\000\040\000p\000r\000z\000e\000p\001\102\000y\000w\000u}{section.8}% 32
\BOOKMARK [3][-]{subsubsection.8.3.1}{\376\377\000T\000a\000b\000e\000l\000e}{subsection.8.3}% 33
\BOOKMARK [3][-]{subsubsection.8.3.2}{\376\377\000W\000y\000k\000r\000e\000s\000y\000\040\000T\000y\000p\000u\000\040\0001\000\040\000d\000l\000a\000\040\000F\000o\000r\000d\000a\000-\000F\000u\000l\000k\000e\000r\000s\000o\000n\000a\000\040\000i\000\040\000E\000d\000m\000o\000n\000d\000s\000a\000-\000K\000a\000r\000p\000a}{subsection.8.3}% 34
\BOOKMARK [3][-]{subsubsection.8.3.3}{\376\377\000W\000y\000k\000r\000e\000s\000y\000\040\000T\000y\000p\000u\000\040\0002\000\040\000d\000l\000a\000\040\000F\000o\000r\000d\000a\000-\000F\000u\000l\000k\000e\000r\000s\000o\000n\000a\000\040\000i\000\040\000E\000d\000m\000o\000n\000d\000s\000a\000-\000K\000a\000r\000p\000a}{subsection.8.3}% 35
\BOOKMARK [1][-]{section.9}{\376\377\000P\000o\000d\000s\000u\000m\000o\000w\000a\000n\000i\000e}{}% 36
\BOOKMARK [1][-]{section.10}{\376\377\000L\000i\000t\000e\000r\000a\000t\000u\000r\000a}{}% 37
